 05-10-2025 17:32:17:118 [pid=576761 tid=576761] NOTICE  cufio-drv:830 running in compatible mode
 05-10-2025 17:32:17:608 [pid=576761 tid=576761] ERROR  cufio-fs:327 error creating udev_device for block device dev_no: 0:44
 05-10-2025 17:32:17:608 [pid=576761 tid=576761] ERROR  cufio-fs:759 error getting volume attributes error for device: dev_no: 0:44
 05-10-2025 17:32:17:608 [pid=576761 tid=576761] NOTICE  cufio:293 cuFileHandleRegister GDS not supported or disabled by config, using cuFile posix read/write with compat mode enabled
 05-10-2025 17:32:17:608 [pid=576761 tid=576761] ERROR  cufio-fs:327 error creating udev_device for block device dev_no: 0:44
 05-10-2025 17:32:17:608 [pid=576761 tid=576761] ERROR  cufio-fs:759 error getting volume attributes error for device: dev_no: 0:44
 05-10-2025 17:32:17:608 [pid=576761 tid=576761] ERROR  cufio-obj:242 unable to get volume attributes for fd 44
 05-10-2025 17:32:17:608 [pid=576761 tid=576761] ERROR  cufio:311 cuFileHandleRegister error, failed to allocate file object
 05-10-2025 17:32:17:609 [pid=576761 tid=576761] ERROR  cufio:339 cuFileHandleRegister error: internal error
 05-10-2025 17:33:34:991 [pid=581741 tid=581741] NOTICE  cufio-drv:830 running in compatible mode
 05-10-2025 17:33:35:470 [pid=581741 tid=581741] ERROR  cufio-fs:327 error creating udev_device for block device dev_no: 0:44
 05-10-2025 17:33:35:470 [pid=581741 tid=581741] ERROR  cufio-fs:759 error getting volume attributes error for device: dev_no: 0:44
 05-10-2025 17:33:35:470 [pid=581741 tid=581741] NOTICE  cufio:293 cuFileHandleRegister GDS not supported or disabled by config, using cuFile posix read/write with compat mode enabled
 05-10-2025 17:33:35:470 [pid=581741 tid=581741] ERROR  cufio-fs:327 error creating udev_device for block device dev_no: 0:44
 05-10-2025 17:33:35:470 [pid=581741 tid=581741] ERROR  cufio-fs:759 error getting volume attributes error for device: dev_no: 0:44
 05-10-2025 17:33:35:470 [pid=581741 tid=581741] ERROR  cufio-obj:242 unable to get volume attributes for fd 44
 05-10-2025 17:33:35:470 [pid=581741 tid=581741] ERROR  cufio:311 cuFileHandleRegister error, failed to allocate file object
 05-10-2025 17:33:35:470 [pid=581741 tid=581741] ERROR  cufio:339 cuFileHandleRegister error: internal error
 05-10-2025 17:35:26:895 [pid=588663 tid=588663] NOTICE  cufio-drv:830 running in compatible mode
 05-10-2025 17:35:27:346 [pid=588663 tid=588663] ERROR  cufio-fs:327 error creating udev_device for block device dev_no: 0:44
 05-10-2025 17:35:27:346 [pid=588663 tid=588663] ERROR  cufio-fs:759 error getting volume attributes error for device: dev_no: 0:44
 05-10-2025 17:35:27:346 [pid=588663 tid=588663] NOTICE  cufio:293 cuFileHandleRegister GDS not supported or disabled by config, using cuFile posix read/write with compat mode enabled
 05-10-2025 17:35:27:346 [pid=588663 tid=588663] ERROR  cufio-fs:327 error creating udev_device for block device dev_no: 0:44
 05-10-2025 17:35:27:346 [pid=588663 tid=588663] ERROR  cufio-fs:759 error getting volume attributes error for device: dev_no: 0:44
 05-10-2025 17:35:27:346 [pid=588663 tid=588663] ERROR  cufio-obj:242 unable to get volume attributes for fd 44
 05-10-2025 17:35:27:346 [pid=588663 tid=588663] ERROR  cufio:311 cuFileHandleRegister error, failed to allocate file object
 05-10-2025 17:35:27:346 [pid=588663 tid=588663] ERROR  cufio:339 cuFileHandleRegister error: internal error
 05-10-2025 17:37:19:682 [pid=595481 tid=595481] NOTICE  cufio-drv:830 running in compatible mode
 05-10-2025 17:37:20:194 [pid=595481 tid=595481] ERROR  cufio-fs:327 error creating udev_device for block device dev_no: 0:44
 05-10-2025 17:37:20:194 [pid=595481 tid=595481] ERROR  cufio-fs:759 error getting volume attributes error for device: dev_no: 0:44
 05-10-2025 17:37:20:194 [pid=595481 tid=595481] NOTICE  cufio:293 cuFileHandleRegister GDS not supported or disabled by config, using cuFile posix read/write with compat mode enabled
 05-10-2025 17:37:20:194 [pid=595481 tid=595481] ERROR  cufio-fs:327 error creating udev_device for block device dev_no: 0:44
 05-10-2025 17:37:20:194 [pid=595481 tid=595481] ERROR  cufio-fs:759 error getting volume attributes error for device: dev_no: 0:44
 05-10-2025 17:37:20:194 [pid=595481 tid=595481] ERROR  cufio-obj:242 unable to get volume attributes for fd 44
 05-10-2025 17:37:20:194 [pid=595481 tid=595481] ERROR  cufio:311 cuFileHandleRegister error, failed to allocate file object
 05-10-2025 17:37:20:194 [pid=595481 tid=595481] ERROR  cufio:339 cuFileHandleRegister error: internal error
 05-10-2025 17:38:32:417 [pid=600015 tid=600015] NOTICE  cufio-drv:830 running in compatible mode
 05-10-2025 17:38:32:869 [pid=600015 tid=600015] ERROR  cufio-fs:327 error creating udev_device for block device dev_no: 0:44
 05-10-2025 17:38:32:869 [pid=600015 tid=600015] ERROR  cufio-fs:759 error getting volume attributes error for device: dev_no: 0:44
 05-10-2025 17:38:32:869 [pid=600015 tid=600015] NOTICE  cufio:293 cuFileHandleRegister GDS not supported or disabled by config, using cuFile posix read/write with compat mode enabled
 05-10-2025 17:38:32:869 [pid=600015 tid=600015] ERROR  cufio-fs:327 error creating udev_device for block device dev_no: 0:44
 05-10-2025 17:38:32:869 [pid=600015 tid=600015] ERROR  cufio-fs:759 error getting volume attributes error for device: dev_no: 0:44
 05-10-2025 17:38:32:869 [pid=600015 tid=600015] ERROR  cufio-obj:242 unable to get volume attributes for fd 44
 05-10-2025 17:38:32:869 [pid=600015 tid=600015] ERROR  cufio:311 cuFileHandleRegister error, failed to allocate file object
 05-10-2025 17:38:32:869 [pid=600015 tid=600015] ERROR  cufio:339 cuFileHandleRegister error: internal error
 05-10-2025 17:40:17:989 [pid=606476 tid=606476] NOTICE  cufio-drv:830 running in compatible mode
 05-10-2025 17:40:18:442 [pid=606476 tid=606476] ERROR  cufio-fs:327 error creating udev_device for block device dev_no: 0:44
 05-10-2025 17:40:18:442 [pid=606476 tid=606476] ERROR  cufio-fs:759 error getting volume attributes error for device: dev_no: 0:44
 05-10-2025 17:40:18:442 [pid=606476 tid=606476] NOTICE  cufio:293 cuFileHandleRegister GDS not supported or disabled by config, using cuFile posix read/write with compat mode enabled
 05-10-2025 17:40:18:442 [pid=606476 tid=606476] ERROR  cufio-fs:327 error creating udev_device for block device dev_no: 0:44
 05-10-2025 17:40:18:442 [pid=606476 tid=606476] ERROR  cufio-fs:759 error getting volume attributes error for device: dev_no: 0:44
 05-10-2025 17:40:18:442 [pid=606476 tid=606476] ERROR  cufio-obj:242 unable to get volume attributes for fd 44
 05-10-2025 17:40:18:442 [pid=606476 tid=606476] ERROR  cufio:311 cuFileHandleRegister error, failed to allocate file object
 05-10-2025 17:40:18:442 [pid=606476 tid=606476] ERROR  cufio:339 cuFileHandleRegister error: internal error
 05-10-2025 20:18:23:57 [pid=1167071 tid=1167071] NOTICE  cufio-drv:830 running in compatible mode
 05-10-2025 20:18:23:508 [pid=1167071 tid=1167071] ERROR  cufio-fs:327 error creating udev_device for block device dev_no: 0:44
 05-10-2025 20:18:23:508 [pid=1167071 tid=1167071] ERROR  cufio-fs:759 error getting volume attributes error for device: dev_no: 0:44
 05-10-2025 20:18:23:508 [pid=1167071 tid=1167071] NOTICE  cufio:293 cuFileHandleRegister GDS not supported or disabled by config, using cuFile posix read/write with compat mode enabled
 05-10-2025 20:18:23:508 [pid=1167071 tid=1167071] ERROR  cufio-fs:327 error creating udev_device for block device dev_no: 0:44
 05-10-2025 20:18:23:508 [pid=1167071 tid=1167071] ERROR  cufio-fs:759 error getting volume attributes error for device: dev_no: 0:44
 05-10-2025 20:18:23:508 [pid=1167071 tid=1167071] ERROR  cufio-obj:242 unable to get volume attributes for fd 44
 05-10-2025 20:18:23:508 [pid=1167071 tid=1167071] ERROR  cufio:311 cuFileHandleRegister error, failed to allocate file object
 05-10-2025 20:18:23:508 [pid=1167071 tid=1167071] ERROR  cufio:339 cuFileHandleRegister error: internal error
 06-10-2025 10:22:08:72 [pid=4114241 tid=4114241] NOTICE  cufio-drv:830 running in compatible mode
 06-10-2025 10:22:08:528 [pid=4114241 tid=4114241] ERROR  cufio-fs:327 error creating udev_device for block device dev_no: 0:44
 06-10-2025 10:22:08:528 [pid=4114241 tid=4114241] ERROR  cufio-fs:759 error getting volume attributes error for device: dev_no: 0:44
 06-10-2025 10:22:08:528 [pid=4114241 tid=4114241] NOTICE  cufio:293 cuFileHandleRegister GDS not supported or disabled by config, using cuFile posix read/write with compat mode enabled
 06-10-2025 10:22:08:528 [pid=4114241 tid=4114241] ERROR  cufio-fs:327 error creating udev_device for block device dev_no: 0:44
 06-10-2025 10:22:08:528 [pid=4114241 tid=4114241] ERROR  cufio-fs:759 error getting volume attributes error for device: dev_no: 0:44
 06-10-2025 10:22:08:528 [pid=4114241 tid=4114241] ERROR  cufio-obj:242 unable to get volume attributes for fd 44
 06-10-2025 10:22:08:528 [pid=4114241 tid=4114241] ERROR  cufio:311 cuFileHandleRegister error, failed to allocate file object
 06-10-2025 10:22:08:528 [pid=4114241 tid=4114241] ERROR  cufio:339 cuFileHandleRegister error: internal error
